[2025-02-18T02:42:33.833Z] [INFO] [GET] <user:notlogged;ip=::1> / :
Chargement de la page d'acceuil.
[2025-02-18T02:43:08.728Z] [INFO] [GET] <user:demonstration;ip=::1> /shop :
Chargement de la page de gestion.
[2025-02-18T02:43:09.968Z] [INFO] [GET] <user:demonstration;ip=::1> /orders :
Chargement de la page de gestion.
[2025-02-18T02:43:10.174Z] [INFO] [GET] <user:demonstration;ip=::1> /v1/orders :
Récupération de liste des commandes)
[2025-02-18T02:43:11.884Z] [INFO] [GET] <user:notlogged;ip=::1> / :
Chargement de la page d'acceuil.
[2025-02-18T02:43:16.301Z] [INFO] [GET] <user:demonstration;ip=::1> /v1/logout?callback=/manage/login :
Déconnexion de l'utilisateur demonstration.
[2025-02-18T02:43:16.321Z] [INFO] [GET] <user:notlogged;ip=::1> /login :
Chargement de la page de connexion.
[2025-02-18T02:43:19.197Z] [INFO] [GET] <user:notlogged;ip=::1> / :
Chargement de la page d'acceuil.
[2025-02-18T02:43:48.741Z] [INFO] [GET] <user:notlogged;ip=::1> / :
Chargement de la page d'acceuil.
[2025-02-18T02:44:08.715Z] [INFO] [GET] <user:notlogged;ip=::1> /contact :
Chargement de la page de contact.
[2025-02-18T02:44:09.237Z] [INFO] [GET] <user:notlogged;ip=::1> /about :
Chargement de la page d'information.
[2025-02-18T02:44:14.574Z] [INFO] [GET] <user:notlogged;ip=::1> /login?callback=%2Fmanage :
Chargement de la page de connexion.
[2025-02-18T02:44:23.019Z] [INFO] [GET] <user:notlogged;ip=::1> / :
Chargement de la page d'acceuil.
[2025-02-18T02:44:55.869Z] [INFO] [GET] <user:notlogged;ip=::1> / :
Chargement de la page d'acceuil.
[2025-02-18T02:45:31.311Z] [INFO] [GET] <user:notlogged;ip=::1> / :
Chargement de la page d'acceuil.
[2025-02-18T02:46:09.265Z] [INFO] [GET] <user:notlogged;ip=::1> / :
Chargement de la page d'acceuil.
[2025-02-18T02:46:43.773Z] [INFO] [GET] <user:notlogged;ip=::1> / :
Chargement de la page d'acceuil.
[2025-02-18T02:47:18.066Z] [INFO] [GET] <user:notlogged;ip=::1> / :
Chargement de la page d'acceuil.
[2025-02-18T02:47:54.545Z] [INFO] [GET] <user:notlogged;ip=::1> / :
Chargement de la page d'acceuil.
[2025-02-18T02:48:26.907Z] [INFO] [GET] <user:notlogged;ip=::1> / :
Chargement de la page d'acceuil.
[2025-02-18T02:48:58.755Z] [INFO] [GET] <user:notlogged;ip=::1> / :
Chargement de la page d'acceuil.
[2025-02-18T02:49:31.121Z] [INFO] [GET] <user:notlogged;ip=::1> / :
Chargement de la page d'acceuil.
[2025-02-18T02:50:02.023Z] [INFO] [GET] <user:notlogged;ip=::1> / :
Chargement de la page d'acceuil.
[2025-02-18T02:50:37.838Z] [INFO] [GET] <user:notlogged;ip=::1> / :
Chargement de la page d'acceuil.
[2025-02-18T02:51:15.017Z] [INFO] [GET] <user:notlogged;ip=::1> / :
Chargement de la page d'acceuil.
[2025-02-18T02:51:57.230Z] [INFO] [GET] <user:notlogged;ip=::1> / :
Chargement de la page d'acceuil.
